2012-13-10/16/12 18:13	accessed: index.html
2012-13-10/16/12 18:13	accessed: list.html
2012-13-10/16/12 18:13	accessed: techniques.html
2012-13-10/16/12 18:13	accessed: index.html
2012-13-10/16/12 18:13	accessed: project.html	with id: 3
2012-13-10/16/12 18:13	accessed: search.html	with parameters: ['HEJ', None, None, u'start_date', 'desc']
2012-13-10/16/12 18:13	accessed: search.html	with parameters: ['\xc3\xa5H ;)', [u'short_description', u'project_name'], [u'c++'], u'end_date', 'asc']
2012-17-10/16/12 18:17	accessed: index.html
2012-17-10/16/12 18:17	accessed: search.html	with parameters: ['HGFH', None, None, u'start_date', 'desc']
2012-18-10/16/12 18:18	accessed: index.html
2012-18-10/16/12 18:18	accessed: project.html	with id: 4
2012-18-10/16/12 18:18	accessed: search.html	with parameters: ['NO', None, None, u'start_date', 'desc']
2012-19-10/16/12 18:19	accessed: project.html	with id: 4
2012-19-10/16/12 18:19	accessed: search.html	with parameters: ['NO', None, None, u'start_date', 'desc']
2012-20-10/16/12 18:20	accessed: search.html	with parameters: ['NO', None, None, u'start_date', 'desc']
2012-20-10/16/12 18:20	accessed: search.html	with parameters: ['FGHD', None, None, u'start_date', 'desc']
2012-22-10/16/12 18:22	accessed: search.html	with parameters: ['HJFFH', None, None, u'start_date', 'desc']
2012-23-10/16/12 18:23	accessed: search.html	with parameters: ['HJFFH', None, None, u'start_date', 'desc']
2012-23-10/16/12 18:23	accessed: search.html	with parameters: ['DFSGS', None, None, u'start_date', 'desc']
2012-24-10/16/12 18:24	accessed: search.html	with parameters: ['DFSGS', None, None, u'start_date', 'desc']
2012-24-10/16/12 18:24	accessed: search.html	with parameters: [None, None, None, u'start_date', 'desc']
2012-24-10/16/12 18:24	accessed: search.html	with parameters: [None, None, None, u'start_date', 'desc']
2012-25-10/16/12 18:25	accessed: search.html	with parameters: ['JHJKGHK', None, None, u'start_date', 'desc']
2012-25-10/16/12 18:25	accessed: search.html	with parameters: [None, None, None, u'start_date', 'desc']
2012-25-10/16/12 18:25	accessed: search.html	with parameters: ['JFHGJHM', None, None, u'start_date', 'desc']
2012-26-10/16/12 18:26	accessed: search.html	with parameters: ['JFHGJHM', None, None, u'start_date', 'desc']
2012-27-10/16/12 18:27	accessed: search.html	with parameters: ['JFHGJHM', None, None, u'start_date', 'desc']
2012-27-10/16/12 18:27	accessed: list.html
2012-27-10/16/12 18:27	accessed: index.html
2012-28-10/16/12 18:28	accessed: index.html
2012-28-10/16/12 18:28	accessed: index.html
2012-29-10/16/12 18:29	accessed: index.html
2012-30-10/16/12 18:30	accessed: index.html
2012-39-10/16/12 18:39	accessed: index.html
2012-39-10/16/12 18:39	accessed: index.html
2012-39-10/16/12 18:39	accessed: index.html
2012-39-10/16/12 18:39	accessed: index.html
2012-39-10/16/12 18:39	accessed: index.html
2012-39-10/16/12 18:39	accessed: index.html
2012-39-10/16/12 18:39	accessed: index.html
2012-39-10/16/12 18:39	accessed: index.html
2012-39-10/16/12 18:39	accessed: index.html
2012-39-10/16/12 18:39	accessed: index.html
2012-39-10/16/12 18:39	accessed: index.html
2012-39-10/16/12 18:39	accessed: index.html
2012-39-10/16/12 18:39	accessed: index.html
2012-39-10/16/12 18:39	accessed: index.html
2012-39-10/16/12 18:39	accessed: index.html
2012-39-10/16/12 18:39	accessed: index.html
2012-39-10/16/12 18:39	accessed: index.html
2012-39-10/16/12 18:39	accessed: index.html
2012-39-10/16/12 18:39	accessed: index.html
2012-39-10/16/12 18:39	accessed: index.html
2012-39-10/16/12 18:39	accessed: index.html
2012-39-10/16/12 18:39	accessed: index.html
2012-39-10/16/12 18:39	accessed: index.html
2012-39-10/16/12 18:39	accessed: index.html
2012-39-10/16/12 18:39	accessed: index.html
2012-39-10/16/12 18:39	accessed: index.html
2012-39-10/16/12 18:39	accessed: index.html
2012-39-10/16/12 18:39	accessed: index.html
2012-39-10/16/12 18:39	accessed: index.html
2012-39-10/16/12 18:39	accessed: index.html
2012-39-10/16/12 18:39	accessed: index.html
2012-39-10/16/12 18:39	accessed: index.html
2012-39-10/16/12 18:39	accessed: index.html
2012-39-10/16/12 18:39	accessed: index.html
2012-39-10/16/12 18:39	accessed: index.html
2012-39-10/16/12 18:39	accessed: index.html
2012-39-10/16/12 18:39	accessed: index.html
2012-39-10/16/12 18:39	accessed: index.html
2012-39-10/16/12 18:39	accessed: index.html
2012-39-10/16/12 18:39	accessed: index.html
2012-39-10/16/12 18:39	accessed: index.html
2012-39-10/16/12 18:39	accessed: index.html
2012-39-10/16/12 18:39	accessed: index.html
2012-39-10/16/12 18:39	accessed: index.html
2012-39-10/16/12 18:39	accessed: index.html
2012-39-10/16/12 18:39	accessed: index.html
2012-39-10/16/12 18:39	accessed: index.html
2012-39-10/16/12 18:39	accessed: index.html
2012-39-10/16/12 18:39	accessed: index.html
2012-39-10/16/12 18:39	accessed: index.html
2012-39-10/16/12 18:39	accessed: index.html
2012-39-10/16/12 18:39	accessed: index.html
2012-39-10/16/12 18:39	accessed: index.html
2012-39-10/16/12 18:39	accessed: index.html
2012-39-10/16/12 18:39	accessed: index.html
2012-39-10/16/12 18:39	accessed: index.html
2012-39-10/16/12 18:39	accessed: index.html
2012-39-10/16/12 18:39	accessed: index.html
2012-39-10/16/12 18:39	accessed: index.html
2012-39-10/16/12 18:39	accessed: index.html
2012-39-10/16/12 18:39	accessed: index.html
2012-39-10/16/12 18:39	accessed: index.html
2012-39-10/16/12 18:39	accessed: index.html
2012-39-10/16/12 18:39	accessed: index.html
2012-39-10/16/12 18:39	accessed: index.html
2012-39-10/16/12 18:39	accessed: index.html
2012-39-10/16/12 18:39	accessed: index.html
2012-39-10/16/12 18:39	accessed: index.html
2012-42-10/16/12 18:42	accessed: index.html
2012-42-10/16/12 18:42	accessed: list.html
2012-42-10/16/12 18:42	accessed: techniques.html
2012-42-10/16/12 18:42	accessed: search.html	with parameters: [None, None, None, u'start_date', 'desc']
2012-42-10/16/12 18:42	accessed: search.html	with parameters: ['HEJ', None, None, u'start_date', 'desc']
2012-47-10/16/12 18:47	accessed: list.html
2012-47-10/16/12 18:47	accessed: index.html
2012-53-10/16/12 18:53	accessed: index.html
2012-53-10/16/12 18:53	accessed: index.html
2012-53-10/16/12 18:53	accessed: index.html
2012-02-10/16/12 19:02	accessed: index.html
2012-02-10/16/12 19:02	accessed: list.html
2012-03-10/16/12 19:03	accessed: index.html
2012-03-10/16/12 19:03	accessed: project.html	with id: 2
2012-07-10/16/12 19:07	accessed: project.html	with id: 2
2012-08-10/16/12 19:08	accessed: project.html	with id: 2
2012-11-10/16/12 19:11	accessed: project.html	with id: 2
2012-14-10/16/12 19:14	accessed: index.html
2012-04-10/16/12 20:04	accessed: index.html
2012-13-10/16/12 20:13	accessed: index.html
2012-16-10/16/12 20:16	accessed: project.html	with id: 3
2012-16-10/16/12 20:16	accessed: project.html	with id: 7
2012-19-10/16/12 20:19	accessed: project.html	with id: 7
2012-19-10/16/12 20:19	accessed: index.html
2012-19-10/16/12 20:19	accessed: project.html	with id: 1
2012-19-10/16/12 20:19	accessed: project.html	with id: 6
2012-24-10/16/12 20:24	accessed: index.html
2012-24-10/16/12 20:24	accessed: project.html	with id: 2
2012-24-10/16/12 20:24	accessed: project.html	with id: 6
2012-25-10/16/12 20:25	accessed: project.html	with id: 6
2012-25-10/16/12 20:25	accessed: project.html	with id: 4
2012-25-10/16/12 20:25	accessed: index.html
2012-25-10/16/12 20:25	accessed: project.html	with id: 4
2012-27-10/16/12 20:27	accessed: index.html
2012-27-10/16/12 20:27	accessed: project.html	with id: 1
2012-27-10/16/12 20:27	accessed: index.html
2012-27-10/16/12 20:27	accessed: project.html	with id: 3
2012-28-10/16/12 20:28	accessed: index.html
2012-28-10/16/12 20:28	accessed: project.html	with id: 2
2012-29-10/16/12 20:29	accessed: project.html	with id: 2
2012-30-10/16/12 20:30	accessed: index.html
2012-30-10/16/12 20:30	accessed: project.html	with id: 1
2012-30-10/16/12 20:30	accessed: index.html
2012-30-10/16/12 20:30	accessed: project.html	with id: 4
2012-30-10/16/12 20:30	accessed: project.html	with id: 7
2012-31-10/16/12 20:31	accessed: project.html	with id: 4
2012-31-10/16/12 20:31	accessed: project.html	with id: 15
2012-32-10/16/12 20:32	accessed: index.html
2012-32-10/16/12 20:32	accessed: list.html
2012-32-10/16/12 20:32	accessed: techniques.html
2012-32-10/16/12 20:32	accessed: project.html	with id: 2
2012-33-10/16/12 20:33	accessed: project.html	with id: 2
2012-36-10/16/12 20:36	accessed: project.html	with id: 2
2012-36-10/16/12 20:36	accessed: project.html	with id: 2
2012-36-10/16/12 20:36	accessed: list.html
2012-36-10/16/12 20:36	accessed: project.html	with id: 2
2012-38-10/16/12 20:38	accessed: project.html	with id: 2
2012-39-10/16/12 20:39	accessed: project.html	with id: 5
2012-40-10/16/12 20:40	accessed: index.html
2012-45-10/16/12 20:45	accessed: project.html	with id: 3
2012-46-10/16/12 20:46	accessed: index.html
2012-46-10/16/12 20:46	accessed: project.html	with id: 2
2012-46-10/16/12 20:46	accessed: project.html	with id: 6
2012-50-10/16/12 20:50	accessed: project.html	with id: 6
2012-51-10/16/12 20:51	accessed: project.html	with id: 6
2012-52-10/16/12 20:52	accessed: index.html
2012-54-10/16/12 20:54	accessed: project.html	with id: 3
2012-55-10/16/12 20:55	accessed: project.html	with id: 6
2012-57-10/16/12 20:57	accessed: search.html	with parameters: ['\xc3\xa5\xc3\xa4\xc3\xb6', None, None, u'start_date', 'desc']
